[0912/225630.706:ERROR:process_reader_win.cc(242)] ReadMemory at 0x7ff652550000 of 64 bytes failed: Only part of a ReadProcessMemory or WriteProcessMemory request was completed. (0x12B)
[0912/225630.716:WARNING:pe_image_reader.cc(302)] could not read dos header from C:\Program Files (x86)\Google\Chrome\Application\chrome.exe
[0912/225630.716:ERROR:process_reader_win.cc(242)] ReadMemory at 0x7ffdfe4b0000 of 64 bytes failed: Only part of a ReadProcessMemory or WriteProcessMemory request was completed. (0x12B)
[0912/225630.716:WARNING:pe_image_reader.cc(302)] could not read dos header from C:\WINDOWS\SYSTEM32\ntdll.dll
[0912/225630.716:ERROR:process_reader_win.cc(242)] ReadMemory at 0x7ffdeddf0000 of 64 bytes failed: Only part of a ReadProcessMemory or WriteProcessMemory request was completed. (0x12B)
[0912/225630.716:WARNING:pe_image_reader.cc(302)] could not read dos header from C:\Program Files\AVAST Software\Avast\x64\aswhooka.dll
[0912/225630.716:ERROR:process_reader_win.cc(242)] ReadMemory at 0x7ffde1f00000 of 64 bytes failed: Only part of a ReadProcessMemory or WriteProcessMemory request was completed. (0x12B)
[0912/225630.716:WARNING:pe_image_reader.cc(302)] could not read dos header from C:\Program Files\AVAST Software\Avast\snxhk64.dll
[0912/225630.716:ERROR:process_reader_win.cc(242)] ReadMemory at 0x7ffdfd570000 of 64 bytes failed: Only part of a ReadProcessMemory or WriteProcessMemory request was completed. (0x12B)
[0912/225630.716:WARNING:pe_image_reader.cc(302)] could not read dos header from C:\WINDOWS\System32\KERNEL32.dll
[0912/225630.716:ERROR:process_reader_win.cc(242)] ReadMemory at 0x7ffdfb6c0000 of 64 bytes failed: Only part of a ReadProcessMemory or WriteProcessMemory request was completed. (0x12B)
[0912/225630.716:WARNING:pe_image_reader.cc(302)] could not read dos header from C:\WINDOWS\System32\KERNELBASE.dll
[0912/225630.716:ERROR:process_reader_win.cc(242)] ReadMemory at 0x7ffdf8c00000 of 64 bytes failed: Only part of a ReadProcessMemory or WriteProcessMemory request was completed. (0x12B)
[0912/225630.716:WARNING:pe_image_reader.cc(302)] could not read dos header from C:\WINDOWS\SYSTEM32\apphelp.dll
[0912/225630.716:ERROR:process_reader_win.cc(242)] ReadMemory at 0x7ffdfbaf0000 of 64 bytes failed: Only part of a ReadProcessMemory or WriteProcessMemory request was completed. (0x12B)
[0912/225630.716:WARNING:pe_image_reader.cc(302)] could not read dos header from C:\WINDOWS\System32\SHELL32.dll
[0912/225630.716:ERROR:process_reader_win.cc(242)] ReadMemory at 0x7ffdfd7d0000 of 64 bytes failed: Only part of a ReadProcessMemory or WriteProcessMemory request was completed. (0x12B)
[0912/225630.716:WARNING:pe_image_reader.cc(302)] could not read dos header from C:\WINDOWS\System32\msvcrt.dll
[0912/225630.716:ERROR:process_reader_win.cc(242)] ReadMemory at 0x7ffdfaa70000 of 64 bytes failed: Only part of a ReadProcessMemory or WriteProcessMemory request was completed. (0x12B)
[0912/225630.716:WARNING:pe_image_reader.cc(302)] could not read dos header from C:\WINDOWS\System32\cfgmgr32.dll
[0912/225630.716:ERROR:process_reader_win.cc(242)] ReadMemory at 0x7ffdfb5c0000 of 64 bytes failed: Only part of a ReadProcessMemory or WriteProcessMemory request was completed. (0x12B)
[0912/225630.716:WARNING:pe_image_reader.cc(302)] could not read dos header from C:\WINDOWS\System32\ucrtbase.dll
[0912/225630.716:ERROR:process_reader_win.cc(242)] ReadMemory at 0x7ffdfd8e0000 of 64 bytes failed: Only part of a ReadProcessMemory or WriteProcessMemory request was completed. (0x12B)
[0912/225630.716:WARNING:pe_image_reader.cc(302)] could not read dos header from C:\WINDOWS\System32\shcore.dll
[0912/225630.716:ERROR:process_reader_win.cc(242)] ReadMemory at 0x7ffdfd9a0000 of 64 bytes failed: Only part of a ReadProcessMemory or WriteProcessMemory request was completed. (0x12B)
[0912/225630.716:WARNING:pe_image_reader.cc(302)] could not read dos header from C:\WINDOWS\System32\RPCRT4.dll
[0912/225630.716:ERROR:process_reader_win.cc(242)] ReadMemory at 0x7ffdfdad0000 of 64 bytes failed: Only part of a ReadProcessMemory or WriteProcessMemory request was completed. (0x12B)
[0912/225630.716:WARNING:pe_image_reader.cc(302)] could not read dos header from C:\WINDOWS\System32\combase.dll
[0912/225630.716:ERROR:process_reader_win.cc(242)] ReadMemory at 0x7ffdfa880000 of 64 bytes failed: Only part of a ReadProcessMemory or WriteProcessMemory request was completed. (0x12B)
[0912/225630.716:WARNING:pe_image_reader.cc(302)] could not read dos header from C:\WINDOWS\System32\bcryptPrimitives.dll
[0912/225630.716:ERROR:process_reader_win.cc(242)] ReadMemory at 0x7ffdfaeb0000 of 64 bytes failed: Only part of a ReadProcessMemory or WriteProcessMemory request was completed. (0x12B)
[0912/225630.716:WARNING:pe_image_reader.cc(302)] could not read dos header from C:\WINDOWS\System32\windows.storage.dll
[0912/225630.716:ERROR:process_reader_win.cc(242)] ReadMemory at 0x7ffdfb970000 of 64 bytes failed: Only part of a ReadProcessMemory or WriteProcessMemory request was completed. (0x12B)
[0912/225630.716:WARNING:pe_image_reader.cc(302)] could not read dos header from C:\WINDOWS\System32\advapi32.dll
[0912/225630.716:ERROR:process_reader_win.cc(242)] ReadMemory at 0x7ffdfcf30000 of 64 bytes failed: Only part of a ReadProcessMemory or WriteProcessMemory request was completed. (0x12B)
[0912/225630.716:WARNING:pe_image_reader.cc(302)] could not read dos header from C:\WINDOWS\System32\sechost.dll
[0912/225630.716:ERROR:process_reader_win.cc(242)] ReadMemory at 0x7ffdfd440000 of 64 bytes failed: Only part of a ReadProcessMemory or WriteProcessMemory request was completed. (0x12B)
[0912/225630.716:WARNING:pe_image_reader.cc(302)] could not read dos header from C:\WINDOWS\System32\shlwapi.dll
[0912/225630.716:ERROR:process_reader_win.cc(242)] ReadMemory at 0x7ffdfb940000 of 64 bytes failed: Only part of a ReadProcessMemory or WriteProcessMemory request was completed. (0x12B)
[0912/225630.716:WARNING:pe_image_reader.cc(302)] could not read dos header from C:\WINDOWS\System32\GDI32.dll
[0912/225630.716:ERROR:process_reader_win.cc(242)] ReadMemory at 0x7ffdfaac0000 of 64 bytes failed: Only part of a ReadProcessMemory or WriteProcessMemory request was completed. (0x12B)
[0912/225630.716:WARNING:pe_image_reader.cc(302)] could not read dos header from C:\WINDOWS\System32\gdi32full.dll
[0912/225630.716:ERROR:process_reader_win.cc(242)] ReadMemory at 0x7ffdfa9d0000 of 64 bytes failed: Only part of a ReadProcessMemory or WriteProcessMemory request was completed. (0x12B)
[0912/225630.716:WARNING:pe_image_reader.cc(302)] could not read dos header from C:\WINDOWS\System32\msvcp_win.dll
[0912/225630.716:ERROR:process_reader_win.cc(242)] ReadMemory at 0x7ffdfd2a0000 of 64 bytes failed: Only part of a ReadProcessMemory or WriteProcessMemory request was completed. (0x12B)
[0912/225630.716:WARNING:pe_image_reader.cc(302)] could not read dos header from C:\WINDOWS\System32\USER32.dll
[0912/225630.716:ERROR:process_reader_win.cc(242)] ReadMemory at 0x7ffdfa900000 of 64 bytes failed: Only part of a ReadProcessMemory or WriteProcessMemory request was completed. (0x12B)
[0912/225630.716:WARNING:pe_image_reader.cc(302)] could not read dos header from C:\WINDOWS\System32\win32u.dll
[0912/225630.716:ERROR:process_reader_win.cc(242)] ReadMemory at 0x7ffdfa860000 of 64 bytes failed: Only part of a ReadProcessMemory or WriteProcessMemory request was completed. (0x12B)
[0912/225630.716:WARNING:pe_image_reader.cc(302)] could not read dos header from C:\WINDOWS\System32\kernel.appcore.dll
[0912/225630.716:ERROR:process_reader_win.cc(242)] ReadMemory at 0x7ffdfa810000 of 64 bytes failed: Only part of a ReadProcessMemory or WriteProcessMemory request was completed. (0x12B)
[0912/225630.716:WARNING:pe_image_reader.cc(302)] could not read dos header from C:\WINDOWS\System32\profapi.dll
[0912/225630.716:ERROR:process_reader_win.cc(242)] ReadMemory at 0x7ffdfa7c0000 of 64 bytes failed: Only part of a ReadProcessMemory or WriteProcessMemory request was completed. (0x12B)
[0912/225630.716:WARNING:pe_image_reader.cc(302)] could not read dos header from C:\WINDOWS\System32\powrprof.dll
[0912/225630.716:ERROR:process_reader_win.cc(242)] ReadMemory at 0x7ffdfa850000 of 64 bytes failed: Only part of a ReadProcessMemory or WriteProcessMemory request was completed. (0x12B)
[0912/225630.716:WARNING:pe_image_reader.cc(302)] could not read dos header from C:\WINDOWS\System32\FLTLIB.DLL
[0912/225630.716:ERROR:process_reader_win.cc(242)] ReadMemory at 0x7ffdfd430000 of 64 bytes failed: Only part of a ReadProcessMemory or WriteProcessMemory request was completed. (0x12B)
[0912/225630.716:WARNING:pe_image_reader.cc(302)] could not read dos header from C:\WINDOWS\System32\PSAPI.DLL
[0912/225630.716:ERROR:process_reader_win.cc(242)] ReadMemory at 0x7ffde1e60000 of 64 bytes failed: Only part of a ReadProcessMemory or WriteProcessMemory request was completed. (0x12B)
[0912/225630.716:WARNING:pe_image_reader.cc(302)] could not read dos header from C:\Program Files (x86)\Google\Chrome\Application\68.0.3440.106\chrome_elf.dll
[0912/225630.716:ERROR:process_reader_win.cc(242)] ReadMemory at 0x7ffdf7380000 of 64 bytes failed: Only part of a ReadProcessMemory or WriteProcessMemory request was completed. (0x12B)
[0912/225630.716:WARNING:pe_image_reader.cc(302)] could not read dos header from C:\WINDOWS\SYSTEM32\VERSION.dll
[0912/225630.716:ERROR:process_reader_win.cc(242)] ReadMemory at 0x7ffdf8370000 of 64 bytes failed: Only part of a ReadProcessMemory or WriteProcessMemory request was completed. (0x12B)
[0912/225630.716:WARNING:pe_image_reader.cc(302)] could not read dos header from C:\WINDOWS\SYSTEM32\WINMM.dll
[0912/225630.716:ERROR:process_reader_win.cc(242)] ReadMemory at 0x7ffdfa6c0000 of 64 bytes failed: Only part of a ReadProcessMemory or WriteProcessMemory request was completed. (0x12B)
[0912/225630.716:WARNING:pe_image_reader.cc(302)] could not read dos header from C:\WINDOWS\SYSTEM32\USERENV.dll
[0912/225630.716:ERROR:process_reader_win.cc(242)] ReadMemory at 0x7ffdf5a20000 of 64 bytes failed: Only part of a ReadProcessMemory or WriteProcessMemory request was completed. (0x12B)
[0912/225630.716:WARNING:pe_image_reader.cc(302)] could not read dos header from C:\WINDOWS\SYSTEM32\WINHTTP.dll
[0912/225630.716:ERROR:process_reader_win.cc(242)] ReadMemory at 0x7ffdf8340000 of 64 bytes failed: Only part of a ReadProcessMemory or WriteProcessMemory request was completed. (0x12B)
[0912/225630.716:WARNING:pe_image_reader.cc(302)] could not read dos header from C:\WINDOWS\SYSTEM32\WINMMBASE.dll
[0912/225630.716:ERROR:process_reader_win.cc(242)] ReadMemory at 0x7ffdfa1b0000 of 64 bytes failed: Only part of a ReadProcessMemory or WriteProcessMemory request was completed. (0x12B)
[0912/225630.716:WARNING:pe_image_reader.cc(302)] could not read dos header from C:\WINDOWS\SYSTEM32\CRYPTBASE.DLL
[0912/225630.716:ERROR:process_reader_win.cc(242)] ReadMemory at 0x7ffdfe000000 of 64 bytes failed: Only part of a ReadProcessMemory or WriteProcessMemory request was completed. (0x12B)
[0912/225630.716:WARNING:pe_image_reader.cc(302)] could not read dos header from C:\WINDOWS\System32\IMM32.DLL
[0912/225630.716:ERROR:process_reader_win.cc(242)] ReadMemory at 0x7ffdadb70000 of 64 bytes failed: Only part of a ReadProcessMemory or WriteProcessMemory request was completed. (0x12B)
[0912/225630.716:WARNING:pe_image_reader.cc(302)] could not read dos header from C:\Program Files (x86)\Google\Chrome\Application\68.0.3440.106\chrome_child.dll
[0912/225630.716:ERROR:process_reader_win.cc(242)] ReadMemory at 0x7ffdfdea0000 of 64 bytes failed: Only part of a ReadProcessMemory or WriteProcessMemory request was completed. (0x12B)
[0912/225630.716:WARNING:pe_image_reader.cc(302)] could not read dos header from C:\WINDOWS\System32\ole32.dll
[0912/225630.716:ERROR:process_reader_win.cc(242)] ReadMemory at 0x7ffdfd500000 of 64 bytes failed: Only part of a ReadProcessMemory or WriteProcessMemory request was completed. (0x12B)
[0912/225630.716:WARNING:pe_image_reader.cc(302)] could not read dos header from C:\WINDOWS\System32\WS2_32.dll
[0912/225630.716:ERROR:process_reader_win.cc(242)] ReadMemory at 0x7ffdfba20000 of 64 bytes failed: Only part of a ReadProcessMemory or WriteProcessMemory request was completed. (0x12B)
[0912/225630.716:WARNING:pe_image_reader.cc(302)] could not read dos header from C:\WINDOWS\System32\OLEAUT32.dll
[0912/225630.716:ERROR:process_reader_win.cc(242)] ReadMemory at 0x7ffdfae50000 of 64 bytes failed: Only part of a ReadProcessMemory or WriteProcessMemory request was completed. (0x12B)
[0912/225630.716:WARNING:pe_image_reader.cc(302)] could not read dos header from C:\WINDOWS\System32\WINTRUST.dll
[0912/225630.716:ERROR:process_reader_win.cc(242)] ReadMemory at 0x7ffdfa830000 of 64 bytes failed: Only part of a ReadProcessMemory or WriteProcessMemory request was completed. (0x12B)
[0912/225630.716:WARNING:pe_image_reader.cc(302)] could not read dos header from C:\WINDOWS\System32\MSASN1.dll
[0912/225630.716:ERROR:process_reader_win.cc(242)] ReadMemory at 0x7ffdfac60000 of 64 bytes failed: Only part of a ReadProcessMemory or WriteProcessMemory request was completed. (0x12B)
[0912/225630.716:WARNING:pe_image_reader.cc(302)] could not read dos header from C:\WINDOWS\System32\CRYPT32.dll
[0912/225630.716:ERROR:process_reader_win.cc(242)] ReadMemory at 0x7ffdfd1b0000 of 64 bytes failed: Only part of a ReadProcessMemory or WriteProcessMemory request was completed. (0x12B)
[0912/225630.716:WARNING:pe_image_reader.cc(302)] could not read dos header from C:\WINDOWS\System32\COMDLG32.dll
[0912/225630.716:ERROR:process_reader_win.cc(242)] ReadMemory at 0x7ffdea6b0000 of 64 bytes failed: Only part of a ReadProcessMemory or WriteProcessMemory request was completed. (0x12B)
[0912/225630.716:WARNING:pe_image_reader.cc(302)] could not read dos header from C:\WINDOWS\SYSTEM32\msdmo.dll
[0912/225630.716:ERROR:process_reader_win.cc(242)] ReadMemory at 0x7ffdf2180000 of 64 bytes failed: Only part of a ReadProcessMemory or WriteProcessMemory request was completed. (0x12B)
[0912/225630.716:WARNING:pe_image_reader.cc(302)] could not read dos header from C:\WINDOWS\WinSxS\amd64_microsoft.windows.common-controls_6595b64144ccf1df_6.0.17134.228_none_fb4599993062b194\COMCTL32.dll
[0912/225630.716:ERROR:process_reader_win.cc(242)] ReadMemory at 0x7ffdf9d60000 of 64 bytes failed: Only part of a ReadProcessMemory or WriteProcessMemory request was completed. (0x12B)
[0912/225630.716:WARNING:pe_image_reader.cc(302)] could not read dos header from C:\WINDOWS\SYSTEM32\IPHLPAPI.DLL
[0912/225630.716:ERROR:process_reader_win.cc(242)] ReadMemory at 0x7ffdecdc0000 of 64 bytes failed: Only part of a ReadProcessMemory or WriteProcessMemory request was completed. (0x12B)
[0912/225630.716:WARNING:pe_image_reader.cc(302)] could not read dos header from C:\WINDOWS\SYSTEM32\DWrite.dll
[0912/225630.716:ERROR:process_reader_win.cc(242)] ReadMemory at 0x7ffdf53f0000 of 64 bytes failed: Only part of a ReadProcessMemory or WriteProcessMemory request was completed. (0x12B)
[0912/225630.716:WARNING:pe_image_reader.cc(302)] could not read dos header from C:\WINDOWS\SYSTEM32\WINSPOOL.DRV
[0912/225630.716:ERROR:process_reader_win.cc(242)] ReadMemory at 0x7ffde52f0000 of 64 bytes failed: Only part of a ReadProcessMemory or WriteProcessMemory request was completed. (0x12B)
[0912/225630.716:WARNING:pe_image_reader.cc(302)] could not read dos header from C:\WINDOWS\SYSTEM32\dbghelp.dll
[0912/225630.716:ERROR:process_reader_win.cc(242)] ReadMemory at 0x7ffde1150000 of 64 bytes failed: Only part of a ReadProcessMemory or WriteProcessMemory request was completed. (0x12B)
[0912/225630.716:WARNING:pe_image_reader.cc(302)] could not read dos header from C:\WINDOWS\SYSTEM32\USP10.dll
[0912/225630.716:ERROR:process_reader_win.cc(242)] ReadMemory at 0x7ffdf9580000 of 64 bytes failed: Only part of a ReadProcessMemory or WriteProcessMemory request was completed. (0x12B)
[0912/225630.716:WARNING:pe_image_reader.cc(302)] could not read dos header from C:\WINDOWS\SYSTEM32\dxgi.dll
[0912/225630.716:ERROR:process_reader_win.cc(242)] ReadMemory at 0x7ffdf5710000 of 64 bytes failed: Only part of a ReadProcessMemory or WriteProcessMemory request was completed. (0x12B)
[0912/225630.716:WARNING:pe_image_reader.cc(302)] could not read dos header from C:\WINDOWS\SYSTEM32\urlmon.dll
[0912/225630.716:ERROR:process_reader_win.cc(242)] ReadMemory at 0x7ffde51d0000 of 64 bytes failed: Only part of a ReadProcessMemory or WriteProcessMemory request was completed. (0x12B)
[0912/225630.716:WARNING:pe_image_reader.cc(302)] could not read dos header from C:\WINDOWS\SYSTEM32\Secur32.dll
[0912/225630.716:ERROR:process_reader_win.cc(242)] ReadMemory at 0x7ffdf2d30000 of 64 bytes failed: Only part of a ReadProcessMemory or WriteProcessMemory request was completed. (0x12B)
[0912/225630.716:WARNING:pe_image_reader.cc(302)] could not read dos header from C:\WINDOWS\SYSTEM32\dhcpcsvc.DLL
[0912/225630.716:ERROR:process_reader_win.cc(242)] ReadMemory at 0x7ffdfd990000 of 64 bytes failed: Only part of a ReadProcessMemory or WriteProcessMemory request was completed. (0x12B)
[0912/225630.716:WARNING:pe_image_reader.cc(302)] could not read dos header from C:\WINDOWS\System32\NSI.dll
[0912/225630.716:ERROR:process_reader_win.cc(242)] ReadMemory at 0x7ffdf69d0000 of 64 bytes failed: Only part of a ReadProcessMemory or WriteProcessMemory request was completed. (0x12B)
[0912/225630.716:WARNING:pe_image_reader.cc(302)] could not read dos header from C:\WINDOWS\SYSTEM32\PROPSYS.dll
[0912/225630.716:ERROR:process_reader_win.cc(242)] ReadMemory at 0x7ffdfa2c0000 of 64 bytes failed: Only part of a ReadProcessMemory or WriteProcessMemory request was completed. (0x12B)
[0912/225630.716:WARNING:pe_image_reader.cc(302)] could not read dos header from C:\WINDOWS\SYSTEM32\bcrypt.dll
[0912/225630.716:ERROR:process_reader_win.cc(242)] ReadMemory at 0x7ffdee3a0000 of 64 bytes failed: Only part of a ReadProcessMemory or WriteProcessMemory request was completed. (0x12B)
[0912/225630.716:WARNING:pe_image_reader.cc(302)] could not read dos header from C:\WINDOWS\SYSTEM32\iertutil.dll
[0912/225630.716:ERROR:process_reader_win.cc(242)] ReadMemory at 0x7ffdfa6f0000 of 64 bytes failed: Only part of a ReadProcessMemory or WriteProcessMemory request was completed. (0x12B)
[0912/225630.716:WARNING:pe_image_reader.cc(302)] could not read dos header from C:\WINDOWS\SYSTEM32\SSPICLI.DLL
[0912/225630.716:ERROR:process_reader_win.cc(242)] ReadMemory at 0x7ffdfe030000 of 64 bytes failed: Only part of a ReadProcessMemory or WriteProcessMemory request was completed. (0x12B)
[0912/225630.716:WARNING:pe_image_reader.cc(302)] could not read dos header from C:\WINDOWS\System32\SETUPAPI.dll
[0912/225630.716:ERROR:process_reader_win.cc(242)] ReadMemory at 0x7ffdfa570000 of 64 bytes failed: Only part of a ReadProcessMemory or WriteProcessMemory request was completed. (0x12B)
[0912/225630.716:WARNING:pe_image_reader.cc(302)] could not read dos header from C:\WINDOWS\SYSTEM32\DEVOBJ.dll
[0912/225630.716:ERROR:process_reader_win.cc(242)] ReadMemory at 0x7ffdbf8a0000 of 64 bytes failed: Only part of a ReadProcessMemory or WriteProcessMemory request was completed. (0x12B)
[0912/225630.716:WARNING:pe_image_reader.cc(302)] could not read dos header from C:\WINDOWS\SYSTEM32\mf.dll
[0912/225630.716:ERROR:process_reader_win.cc(242)] ReadMemory at 0x7ffde0880000 of 64 bytes failed: Only part of a ReadProcessMemory or WriteProcessMemory request was completed. (0x12B)
[0912/225630.716:WARNING:pe_image_reader.cc(302)] could not read dos header from C:\WINDOWS\SYSTEM32\mfplat.dll
[0912/225630.716:ERROR:process_reader_win.cc(242)] ReadMemory at 0x7ffde3900000 of 64 bytes failed: Only part of a ReadProcessMemory or WriteProcessMemory request was completed. (0x12B)
[0912/225630.716:WARNING:pe_image_reader.cc(302)] could not read dos header from C:\WINDOWS\SYSTEM32\RTWorkQ.DLL
[0912/225630.716:ERROR:process_reader_win.cc(242)] ReadMemory at 0x7ffdc95c0000 of 64 bytes failed: Only part of a ReadProcessMemory or WriteProcessMemory request was completed. (0x12B)
[0912/225630.716:WARNING:pe_image_reader.cc(302)] could not read dos header from C:\WINDOWS\SYSTEM32\msmpeg2vdec.dll
[0912/225630.716:ERROR:process_reader_win.cc(242)] ReadMemory at 0x7ffdc71f0000 of 64 bytes failed: Only part of a ReadProcessMemory or WriteProcessMemory request was completed. (0x12B)
[0912/225630.716:WARNING:pe_image_reader.cc(302)] could not read dos header from C:\WINDOWS\SYSTEM32\mfperfhelper.dll
[0912/225630.716:ERROR:process_reader_win.cc(242)] ReadMemory at 0x7ffdfa190000 of 64 bytes failed: Only part of a ReadProcessMemory or WriteProcessMemory request was completed. (0x12B)
[0912/225630.716:WARNING:pe_image_reader.cc(302)] could not read dos header from C:\WINDOWS\SYSTEM32\cryptsp.dll
[0912/225630.716:ERROR:process_reader_win.cc(242)] ReadMemory at 0x7ffdc9940000 of 64 bytes failed: Only part of a ReadProcessMemory or WriteProcessMemory request was completed. (0x12B)
[0912/225630.716:WARNING:pe_image_reader.cc(302)] could not read dos header from C:\WINDOWS\SYSTEM32\dxva2.dll
[0912/225630.716:ERROR:process_reader_win.cc(242)] ReadMemory at 0x7ffdc70e0000 of 64 bytes failed: Only part of a ReadProcessMemory or WriteProcessMemory request was completed. (0x12B)
[0912/225630.716:WARNING:pe_image_reader.cc(302)] could not read dos header from C:\WINDOWS\SYSTEM32\msvproc.dll
[0912/225630.716:ERROR:process_reader_win.cc(242)] ReadMemory at 0x7ffddc950000 of 64 bytes failed: Only part of a ReadProcessMemory or WriteProcessMemory request was completed. (0x12B)
[0912/225630.716:WARNING:pe_image_reader.cc(302)] could not read dos header from C:\WINDOWS\SYSTEM32\CompPkgSup.DLL
[0912/225630.716:ERROR:process_reader_win.cc(242)] ReadMemory at 0x7ffdf7f10000 of 64 bytes failed: Only part of a ReadProcessMemory or WriteProcessMemory request was completed. (0x12B)
[0912/225630.716:WARNING:pe_image_reader.cc(302)] could not read dos header from C:\WINDOWS\SYSTEM32\D3DCompiler_47.dll
[0912/225630.716:ERROR:process_reader_win.cc(242)] ReadMemory at 0x7ffdc85c0000 of 64 bytes failed: Only part of a ReadProcessMemory or WriteProcessMemory request was completed. (0x12B)
[0912/225630.716:WARNING:pe_image_reader.cc(302)] could not read dos header from C:\Program Files (x86)\Google\Chrome\Application\68.0.3440.106\libglesv2.dll
[0912/225630.716:ERROR:process_reader_win.cc(242)] ReadMemory at 0x7ffdc1980000 of 64 bytes failed: Only part of a ReadProcessMemory or WriteProcessMemory request was completed. (0x12B)
[0912/225630.716:WARNING:pe_image_reader.cc(302)] could not read dos header from C:\WINDOWS\SYSTEM32\d3d9.dll
[0912/225630.716:ERROR:process_reader_win.cc(242)] ReadMemory at 0x7ffdf9140000 of 64 bytes failed: Only part of a ReadProcessMemory or WriteProcessMemory request was completed. (0x12B)
[0912/225630.716:WARNING:pe_image_reader.cc(302)] could not read dos header from C:\WINDOWS\SYSTEM32\dwmapi.dll
[0912/225630.716:ERROR:process_reader_win.cc(242)] ReadMemory at 0x7ffdf6980000 of 64 bytes failed: Only part of a ReadProcessMemory or WriteProcessMemory request was completed. (0x12B)
[0912/225630.716:WARNING:pe_image_reader.cc(302)] could not read dos header from C:\Program Files (x86)\Google\Chrome\Application\68.0.3440.106\libegl.dll
[0912/225630.716:ERROR:process_reader_win.cc(242)] ReadMemory at 0x7ffdf7c00000 of 64 bytes failed: Only part of a ReadProcessMemory or WriteProcessMemory request was completed. (0x12B)
[0912/225630.716:WARNING:pe_image_reader.cc(302)] could not read dos header from C:\WINDOWS\SYSTEM32\d3d11.dll
[0912/225630.716:ERROR:process_reader_win.cc(242)] ReadMemory at 0x7ffdf83a0000 of 64 bytes failed: Only part of a ReadProcessMemory or WriteProcessMemory request was completed. (0x12B)
[0912/225630.716:WARNING:pe_image_reader.cc(302)] could not read dos header from C:\WINDOWS\SYSTEM32\dcomp.dll
[0912/225630.716:ERROR:process_reader_win.cc(242)] ReadMemory at 0x7ffdf2b00000 of 64 bytes failed: Only part of a ReadProcessMemory or WriteProcessMemory request was completed. (0x12B)
[0912/225630.716:WARNING:pe_image_reader.cc(302)] could not read dos header from C:\WINDOWS\System32\DriverStore\FileRepository\nv_ref_pubwu.inf_amd64_2e7fa54192fe16d0\nvldumdx.dll
[0912/225630.716:ERROR:process_reader_win.cc(242)] ReadMemory at 0x7ffdfde80000 of 64 bytes failed: Only part of a ReadProcessMemory or WriteProcessMemory request was completed. (0x12B)
[0912/225630.716:WARNING:pe_image_reader.cc(302)] could not read dos header from C:\WINDOWS\System32\imagehlp.dll
[0912/225630.716:ERROR:process_reader_win.cc(242)] ReadMemory at 0x7ffdf9bc0000 of 64 bytes failed: Only part of a ReadProcessMemory or WriteProcessMemory request was completed. (0x12B)
[0912/225630.716:WARNING:pe_image_reader.cc(302)] could not read dos header from C:\WINDOWS\system32\rsaenh.dll
[0912/225630.716:ERROR:process_reader_win.cc(242)] ReadMemory at 0x7ffdef790000 of 64 bytes failed: Only part of a ReadProcessMemory or WriteProcessMemory request was completed. (0x12B)
[0912/225630.716:WARNING:pe_image_reader.cc(302)] could not read dos header from C:\WINDOWS\System32\DriverStore\FileRepository\nv_ref_pubwu.inf_amd64_2e7fa54192fe16d0\nvwgf2umx_cfg.dll
[0912/225630.716:ERROR:process_reader_win.cc(242)] ReadMemory at 0x7ffded0e0000 of 64 bytes failed: Only part of a ReadProcessMemory or WriteProcessMemory request was completed. (0x12B)
[0912/225630.716:WARNING:pe_image_reader.cc(302)] could not read dos header from C:\WINDOWS\system32\nvspcap64.dll
[0912/225630.716:ERROR:process_reader_win.cc(242)] ReadMemory at 0x7ffdf7120000 of 64 bytes failed: Only part of a ReadProcessMemory or WriteProcessMemory request was completed. (0x12B)
[0912/225630.716:WARNING:pe_image_reader.cc(302)] could not read dos header from C:\WINDOWS\SYSTEM32\WTSAPI32.dll
[0912/225630.716:ERROR:process_reader_win.cc(242)] ReadMemory at 0x7ffdfd110000 of 64 bytes failed: Only part of a ReadProcessMemory or WriteProcessMemory request was completed. (0x12B)
[0912/225630.716:WARNING:pe_image_reader.cc(302)] could not read dos header from C:\WINDOWS\System32\clbcatq.dll
[0912/225630.716:ERROR:process_reader_win.cc(242)] ReadMemory at 0x7ffdc5d90000 of 64 bytes failed: Only part of a ReadProcessMemory or WriteProcessMemory request was completed. (0x12B)
[0912/225630.716:WARNING:pe_image_reader.cc(302)] could not read dos header from C:\Windows\System32\mfh264enc.dll
[0912/225630.716:ERROR:process_reader_win.cc(242)] ReadMemory at 0x7ffdf8e70000 of 64 bytes failed: Only part of a ReadProcessMemory or WriteProcessMemory request was completed. (0x12B)
[0912/225630.716:WARNING:pe_image_reader.cc(302)] could not read dos header from C:\WINDOWS\system32\uxtheme.dll
[0912/225630.716:ERROR:process_reader_win.cc(242)] ReadMemory at 0x7ffdfcf90000 of 64 bytes failed: Only part of a ReadProcessMemory or WriteProcessMemory request was completed. (0x12B)
[0912/225630.716:WARNING:pe_image_reader.cc(302)] could not read dos header from C:\WINDOWS\System32\MSCTF.dll
[0912/225630.716:ERROR:process_reader_win.cc(242)] ReadMemory at 0x7ffdcc260000 of 64 bytes failed: Only part of a ReadProcessMemory or WriteProcessMemory request was completed. (0x12B)
[0912/225630.716:WARNING:pe_image_reader.cc(302)] could not read dos header from C:\WINDOWS\SYSTEM32\MSVP9DEC.dll
[0912/225630.986:ERROR:process_reader_win.cc(242)] ReadMemory at 0x2c45dee000 of 73728 bytes failed: Only part of a ReadProcessMemory or WriteProcessMemory request was completed. (0x12B)
[0912/225630.986:ERROR:crash_report_exception_handler.cc(111)] WriteEverything failed
[0912/225630.986:ERROR:filesystem_win.cc(148)] DeleteFile C:\Users\Ismail\AppData\Local\Google\Chrome\User Data\Crashpad\reports\f0f3691e-eb32-45d7-8787-e5128ecba422.dmp: The process cannot access the file because it is being used by another process. (0x20)
[0912/225630.986:ERROR:scoped_process_suspend.cc(40)] NtResumeProcess: An attempt was made to access an exiting process. (0xc000010a)
